c:\users\user\documents\github\dtf_server\dtf_mainserver\x64\debug\vc143.pdb
c:\users\user\documents\github\dtf_server\dtf_mainserver\x64\debug\vc143.idb
c:\users\user\documents\github\dtf_server\dtf_mainserver\x64\debug\myglobal.obj
c:\users\user\documents\github\dtf_server\dtf_mainserver\x64\debug\usermanager.obj
c:\users\user\documents\github\dtf_server\dtf_mainserver\x64\debug\monitor.obj
c:\users\user\documents\github\dtf_server\dtf_mainserver\x64\debug\gamemanager.obj
c:\users\user\documents\github\dtf_server\dtf_mainserver\x64\debug\dtf_mainserver.obj
c:\users\user\documents\github\dtf_server\dtf_mainserver\x64\debug\user.obj
c:\users\user\documents\github\dtf_server\x64\debug\dtf_mainserver.exe
c:\users\user\documents\github\dtf_server\x64\debug\dtf_mainserver.pdb
c:\users\user\documents\github\dtf_server\dtf_mainserver\x64\debug\dtf_mainserver.res
c:\users\user\documents\github\dtf_server\dtf_mainserver\x64\debug\dtf_mainserver.ilk
c:\users\user\documents\github\dtf_server\dtf_mainserver\x64\debug\user.obj.enc
c:\users\user\documents\github\dtf_server\dtf_mainserver\x64\debug\dtf_mainserver.tlog\cl.command.1.tlog
c:\users\user\documents\github\dtf_server\dtf_mainserver\x64\debug\dtf_mainserver.tlog\cl.items.tlog
c:\users\user\documents\github\dtf_server\dtf_mainserver\x64\debug\dtf_mainserver.tlog\cl.read.1.tlog
c:\users\user\documents\github\dtf_server\dtf_mainserver\x64\debug\dtf_mainserver.tlog\cl.write.1.tlog
c:\users\user\documents\github\dtf_server\dtf_mainserver\x64\debug\dtf_mainserver.tlog\link.command.1.tlog
c:\users\user\documents\github\dtf_server\dtf_mainserver\x64\debug\dtf_mainserver.tlog\link.read.1.tlog
c:\users\user\documents\github\dtf_server\dtf_mainserver\x64\debug\dtf_mainserver.tlog\link.secondary.1.tlog
c:\users\user\documents\github\dtf_server\dtf_mainserver\x64\debug\dtf_mainserver.tlog\link.write.1.tlog
c:\users\user\documents\github\dtf_server\dtf_mainserver\x64\debug\dtf_mainserver.tlog\rc.command.1.tlog
c:\users\user\documents\github\dtf_server\dtf_mainserver\x64\debug\dtf_mainserver.tlog\rc.read.1.tlog
c:\users\user\documents\github\dtf_server\dtf_mainserver\x64\debug\dtf_mainserver.tlog\rc.write.1.tlog
